<?xml version="1.0" encoding="UTF-8"?>
<testng-results ignored="0" total="2" passed="2" failed="0" skipped="0">
  <reporter-output>
  </reporter-output>
  <suite started-at="2024-05-18T18:52:32 IST" name="Suite" finished-at="2024-05-18T18:53:13 IST" duration-ms="40947">
    <groups>
    </groups>
    <test started-at="2024-05-18T18:52:32 IST" name="Test" finished-at="2024-05-18T18:53:13 IST" duration-ms="40947">
      <class name="securityTest.OXSecurity_Test">
        <test-method is-config="true" signature="setUp()[pri:0, instance:securityTest.OXSecurity_Test@15eb5ee5]" started-at="2024-05-18T18:52:32 IST" name="setUp" finished-at="2024-05-18T18:52:38 IST" duration-ms="6255" status="PASS">
          <reporter-output>
          </reporter-output>
        </test-method> <!-- setUp -->
        <test-method signature="testLogin()[pri:1, instance:securityTest.OXSecurity_Test@15eb5ee5]" started-at="2024-05-18T18:52:38 IST" name="testLogin" finished-at="2024-05-18T18:52:44 IST" duration-ms="5950" status="PASS">
          <reporter-output>
          </reporter-output>
        </test-method> <!-- testLogin -->
        <test-method signature="FilterIssues()[pri:2, instance:securityTest.OXSecurity_Test@15eb5ee5]" started-at="2024-05-18T18:52:44 IST" name="FilterIssues" finished-at="2024-05-18T18:53:13 IST" duration-ms="28398" status="PASS">
          <reporter-output>
          </reporter-output>
        </test-method> <!-- FilterIssues -->
        <test-method is-config="true" signature="cleanUp()[pri:0, instance:securityTest.OXSecurity_Test@15eb5ee5]" started-at="2024-05-18T18:53:13 IST" name="cleanUp" finished-at="2024-05-18T18:53:13 IST" duration-ms="308" status="PASS">
          <reporter-output>
          </reporter-output>
        </test-method> <!-- cleanUp -->
      </class> <!-- securityTest.OXSecurity_Test -->
    </test> <!-- Test -->
  </suite> <!-- Suite -->
</testng-results>
