<?xml version="1.0" encoding="UTF-8"?>
<testng-results ignored="0" total="2" passed="2" failed="0" skipped="0">
  <reporter-output>
  </reporter-output>
  <suite started-at="2024-05-18T18:54:34 IST" name="Suite" finished-at="2024-05-18T18:55:16 IST" duration-ms="42382">
    <groups>
    </groups>
    <test started-at="2024-05-18T18:54:34 IST" name="Test" finished-at="2024-05-18T18:55:16 IST" duration-ms="42382">
      <class name="securityTest.OXSecurity_Test">
        <test-method is-config="true" signature="setUp()[pri:0, instance:securityTest.OXSecurity_Test@45b9a632]" started-at="2024-05-18T18:54:34 IST" name="setUp" finished-at="2024-05-18T18:54:40 IST" duration-ms="6251" status="PASS">
          <reporter-output>
          </reporter-output>
        </test-method> <!-- setUp -->
        <test-method signature="testLogin()[pri:1, instance:securityTest.OXSecurity_Test@45b9a632]" started-at="2024-05-18T18:54:40 IST" name="testLogin" finished-at="2024-05-18T18:54:48 IST" duration-ms="7460" status="PASS">
          <reporter-output>
          </reporter-output>
        </test-method> <!-- testLogin -->
        <test-method signature="FilterIssues()[pri:2, instance:securityTest.OXSecurity_Test@45b9a632]" started-at="2024-05-18T18:54:48 IST" name="FilterIssues" finished-at="2024-05-18T18:55:16 IST" duration-ms="28487" status="PASS">
          <reporter-output>
          </reporter-output>
        </test-method> <!-- FilterIssues -->
        <test-method is-config="true" signature="cleanUp()[pri:0, instance:securityTest.OXSecurity_Test@45b9a632]" started-at="2024-05-18T18:55:16 IST" name="cleanUp" finished-at="2024-05-18T18:55:16 IST" duration-ms="158" status="PASS">
          <reporter-output>
          </reporter-output>
        </test-method> <!-- cleanUp -->
      </class> <!-- securityTest.OXSecurity_Test -->
    </test> <!-- Test -->
  </suite> <!-- Suite -->
</testng-results>
